# JRE version: Java(TM) SE Runtime Environment (17.0.10+11) (build 17.0.10+11-LTS-240)
# Java VM: Java HotSpot(TM) 64-Bit Server VM (17.0.10+11-LTS-240, mixed mode, sharing, tiered, compressed oops, compressed class ptrs, g1 gc, windows-amd64)
GC Precious Log:
 CPUs: 6 total, 6 available
 Memory: 8054M
 Large Page Support: Disabled
 NUMA Support: Disabled
 Compressed Oops: Enabled (32-bit)
 Heap Region Size: 1M
 Heap Min Capacity: 8M
 Heap Initial Capacity: 126M
 Heap Max Capacity: 2014M
 Pre-touch: Disabled
 Parallel Workers: 6
 Concurrent Workers: 2
 Concurrent Refinement Workers: 6
 Periodic GC: Disabled
Heap:
 garbage-first heap   total 148480K, used 85995K [0x0000000082200000, 0x0000000100000000)
  region size 1024K, 33 young (33792K), 6 survivors (6144K)
 Metaspace       used 49422K, committed 49728K, reserved 1114112K
  class space    used 5938K, committed 6080K, reserved 1048576K
GC Heap History (18 events):
Event: 0.386 GC heap before
{Heap before GC invocations=0 (full 0):
 garbage-first heap   total 129024K, used 24576K [0x0000000082200000, 0x0000000100000000)
  region size 1024K, 21 young (21504K), 0 survivors (0K)
 Metaspace       used 6416K, committed 6592K, reserved 1114112K
  class space    used 647K, committed 704K, reserved 1048576K
}
Event: 0.389 GC heap after
{Heap after GC invocations=1 (full 0):
 garbage-first heap   total 129024K, used 6107K [0x0000000082200000, 0x0000000100000000)
  region size 1024K, 3 young (3072K), 3 survivors (3072K)
 Metaspace       used 6416K, committed 6592K, reserved 1114112K
  class space    used 647K, committed 704K, reserved 1048576K
}
Event: 0.718 GC heap before
{Heap before GC invocations=1 (full 0):
 garbage-first heap   total 129024K, used 34779K [0x0000000082200000, 0x0000000100000000)
  region size 1024K, 31 young (31744K), 3 survivors (3072K)
 Metaspace       used 14418K, committed 14656K, reserved 1114112K
  class space    used 1605K, committed 1728K, reserved 1048576K
}
Event: 0.722 GC heap after
{Heap after GC invocations=2 (full 0):
 garbage-first heap   total 129024K, used 7515K [0x0000000082200000, 0x0000000100000000)
  region size 1024K, 2 young (2048K), 2 survivors (2048K)
 Metaspace       used 14418K, committed 14656K, reserved 1114112K
  class space    used 1605K, committed 1728K, reserved 1048576K
}
Event: 1.315 GC heap before
{Heap before GC invocations=2 (full 0):
 garbage-first heap   total 129024K, used 82267K [0x0000000082200000, 0x0000000100000000)
  region size 1024K, 75 young (76800K), 2 survivors (2048K)
 Metaspace       used 20327K, committed 20608K, reserved 1114112K
  class space    used 2312K, committed 2432K, reserved 1048576K
}
Event: 1.342 GC heap after
{Heap after GC invocations=3 (full 0):
 garbage-first heap   total 129024K, used 32596K [0x0000000082200000, 0x0000000100000000)
  region size 1024K, 10 young (10240K), 10 survivors (10240K)
 Metaspace       used 20327K, committed 20608K, reserved 1114112K
  class space    used 2312K, committed 2432K, reserved 1048576K
}
Event: 1.387 GC heap before
{Heap before GC invocations=3 (full 0):
 garbage-first heap   total 129024K, used 35668K [0x0000000082200000, 0x0000000100000000)
  region size 1024K, 14 young (14336K), 10 survivors (10240K)
 Metaspace       used 21285K, committed 21504K, reserved 1114112K
  class space    used 2406K, committed 2496K, reserved 1048576K
}
Event: 1.398 GC heap after
{Heap after GC invocations=4 (full 0):
 garbage-first heap   total 129024K, used 34816K [0x0000000082200000, 0x0000000100000000)
  region size 1024K, 2 young (2048K), 2 survivors (2048K)
 Metaspace       used 21285K, committed 21504K, reserved 1114112K
  class space    used 2406K, committed 2496K, reserved 1048576K
}
Event: 1.443 GC heap before
{Heap before GC invocations=5 (full 0):
 garbage-first heap   total 126976K, used 37888K [0x0000000082200000, 0x0000000100000000)
  region size 1024K, 6 young (6144K), 2 survivors (2048K)
 Metaspace       used 22183K, committed 22464K, reserved 1114112K
  class space    used 2550K, committed 2688K, reserved 1048576K
}
Event: 1.445 GC heap after
{Heap after GC invocations=6 (full 0):
 garbage-first heap   total 126976K, used 33946K [0x0000000082200000, 0x0000000100000000)
  region size 1024K, 1 young (1024K), 1 survivors (1024K)
 Metaspace       used 22183K, committed 22464K, reserved 1114112K
  class space    used 2550K, committed 2688K, reserved 1048576K
}
Event: 2.060 GC heap before
{Heap before GC invocations=7 (full 0):
 garbage-first heap   total 122880K, used 85146K [0x0000000082200000, 0x0000000100000000)
  region size 1024K, 52 young (53248K), 1 survivors (1024K)
 Metaspace       used 34135K, committed 34304K, reserved 1114112K
  class space    used 4207K, committed 4288K, reserved 1048576K
}
Event: 2.066 GC heap after
{Heap after GC invocations=8 (full 0):
 garbage-first heap   total 122880K, used 38400K [0x0000000082200000, 0x0000000100000000)
  region size 1024K, 5 young (5120K), 5 survivors (5120K)
 Metaspace       used 34135K, committed 34304K, reserved 1114112K
  class space    used 4207K, committed 4288K, reserved 1048576K
}
Event: 2.325 GC heap before
{Heap before GC invocations=8 (full 0):
 garbage-first heap   total 122880K, used 59904K [0x0000000082200000, 0x0000000100000000)
  region size 1024K, 27 young (27648K), 5 survivors (5120K)
 Metaspace       used 38077K, committed 38336K, reserved 1114112K
  class space    used 4614K, committed 4736K, reserved 1048576K
}
Event: 2.334 GC heap after
{Heap after GC invocations=9 (full 0):
 garbage-first heap   total 122880K, used 40805K [0x0000000082200000, 0x0000000100000000)
  region size 1024K, 3 young (3072K), 3 survivors (3072K)
 Metaspace       used 38077K, committed 38336K, reserved 1114112K
  class space    used 4614K, committed 4736K, reserved 1048576K
}
Event: 2.749 GC heap before
{Heap before GC invocations=10 (full 0):
 garbage-first heap   total 122880K, used 88933K [0x0000000082200000, 0x0000000100000000)
  region size 1024K, 49 young (50176K), 3 survivors (3072K)
 Metaspace       used 43588K, committed 43904K, reserved 1114112K
  class space    used 5305K, committed 5440K, reserved 1048576K
}
Event: 2.762 GC heap after
{Heap after GC invocations=11 (full 0):
 garbage-first heap   total 122880K, used 52438K [0x0000000082200000, 0x0000000100000000)
  region size 1024K, 7 young (7168K), 7 survivors (7168K)
 Metaspace       used 43588K, committed 43904K, reserved 1114112K
  class space    used 5305K, committed 5440K, reserved 1048576K
}
Event: 3.211 GC heap before
{Heap before GC invocations=11 (full 0):
 garbage-first heap   total 122880K, used 89302K [0x0000000082200000, 0x0000000100000000)
  region size 1024K, 43 young (44032K), 7 survivors (7168K)
 Metaspace       used 48193K, committed 48512K, reserved 1114112K
  class space    used 5816K, committed 5952K, reserved 1048576K
}
Event: 3.227 GC heap after
{Heap after GC invocations=12 (full 0):
 garbage-first heap   total 148480K, used 59371K [0x0000000082200000, 0x0000000100000000)
  region size 1024K, 6 young (6144K), 6 survivors (6144K)
 Metaspace       used 48193K, committed 48512K, reserved 1114112K
  class space    used 5816K, committed 5952K, reserved 1048576K
}

