# JRE version: Java(TM) SE Runtime Environment (17.0.10+11) (build 17.0.10+11-LTS-240)
# Java VM: Java HotSpot(TM) 64-Bit Server VM (17.0.10+11-LTS-240, mixed mode, sharing, tiered, compressed oops, compressed class ptrs, g1 gc, windows-amd64)
GC Precious Log:
 CPUs: 6 total, 6 available
 Memory: 8054M
 Large Page Support: Disabled
 NUMA Support: Disabled
 Compressed Oops: Enabled (32-bit)
 Heap Region Size: 1M
 Heap Min Capacity: 8M
 Heap Initial Capacity: 126M
 Heap Max Capacity: 2G
 Pre-touch: Disabled
 Parallel Workers: 6
 Concurrent Workers: 2
 Concurrent Refinement Workers: 6
 Periodic GC: Disabled
Heap:
 garbage-first heap   total 563200K, used 161623K [0x0000000080000000, 0x0000000100000000)
  region size 1024K, 21 young (21504K), 21 survivors (21504K)
 Metaspace       used 138444K, committed 139200K, reserved 557056K
  class space    used 17592K, committed 17920K, reserved 425984K
GC Heap History (20 events):
Event: 37.308 GC heap after
{Heap after GC invocations=72 (full 0):
 garbage-first heap   total 563200K, used 101197K [0x0000000080000000, 0x0000000100000000)
  region size 1024K, 8 young (8192K), 8 survivors (8192K)
 Metaspace       used 121474K, committed 122240K, reserved 557056K
  class space    used 15602K, committed 15936K, reserved 425984K
}
Event: 40.695 GC heap before
{Heap before GC invocations=72 (full 0):
 garbage-first heap   total 563200K, used 431949K [0x0000000080000000, 0x0000000100000000)
  region size 1024K, 330 young (337920K), 8 survivors (8192K)
 Metaspace       used 125652K, committed 126400K, reserved 557056K
  class space    used 16057K, committed 16384K, reserved 425984K
}
Event: 40.719 GC heap after
{Heap after GC invocations=73 (full 0):
 garbage-first heap   total 563200K, used 102911K [0x0000000080000000, 0x0000000100000000)
  region size 1024K, 10 young (10240K), 10 survivors (10240K)
 Metaspace       used 125652K, committed 126400K, reserved 557056K
  class space    used 16057K, committed 16384K, reserved 425984K
}
Event: 42.070 GC heap before
{Heap before GC invocations=73 (full 0):
 garbage-first heap   total 563200K, used 213503K [0x0000000080000000, 0x0000000100000000)
  region size 1024K, 119 young (121856K), 10 survivors (10240K)
 Metaspace       used 135415K, committed 136128K, reserved 557056K
  class space    used 17341K, committed 17664K, reserved 425984K
}
Event: 42.082 GC heap after
{Heap after GC invocations=74 (full 0):
 garbage-first heap   total 563200K, used 107820K [0x0000000080000000, 0x0000000100000000)
  region size 1024K, 15 young (15360K), 15 survivors (15360K)
 Metaspace       used 135415K, committed 136128K, reserved 557056K
  class space    used 17341K, committed 17664K, reserved 425984K
}
Event: 50.753 GC heap before
{Heap before GC invocations=75 (full 0):
 garbage-first heap   total 386048K, used 329004K [0x0000000080000000, 0x0000000100000000)
  region size 1024K, 226 young (231424K), 15 survivors (15360K)
 Metaspace       used 137947K, committed 138688K, reserved 557056K
  class space    used 17567K, committed 17920K, reserved 425984K
}
Event: 50.766 GC heap after
{Heap after GC invocations=76 (full 0):
 garbage-first heap   total 386048K, used 109592K [0x0000000080000000, 0x0000000100000000)
  region size 1024K, 12 young (12288K), 12 survivors (12288K)
 Metaspace       used 137947K, committed 138688K, reserved 557056K
  class space    used 17567K, committed 17920K, reserved 425984K
}
Event: 50.777 GC heap before
{Heap before GC invocations=76 (full 0):
 garbage-first heap   total 386048K, used 114712K [0x0000000080000000, 0x0000000100000000)
  region size 1024K, 18 young (18432K), 12 survivors (12288K)
 Metaspace       used 137947K, committed 138688K, reserved 557056K
  class space    used 17567K, committed 17920K, reserved 425984K
}
Event: 50.820 GC heap after
{Heap after GC invocations=77 (full 0):
 garbage-first heap   total 386048K, used 106152K [0x0000000080000000, 0x0000000100000000)
  region size 1024K, 2 young (2048K), 2 survivors (2048K)
 Metaspace       used 137947K, committed 138688K, reserved 557056K
  class space    used 17567K, committed 17920K, reserved 425984K
}
Event: 51.188 GC heap before
{Heap before GC invocations=77 (full 0):
 garbage-first heap   total 386048K, used 327336K [0x0000000080000000, 0x0000000100000000)
  region size 1024K, 218 young (223232K), 2 survivors (2048K)
 Metaspace       used 137974K, committed 138816K, reserved 557056K
  class space    used 17567K, committed 17920K, reserved 425984K
}
Event: 51.194 GC heap after
{Heap after GC invocations=78 (full 0):
 garbage-first heap   total 386048K, used 109087K [0x0000000080000000, 0x0000000100000000)
  region size 1024K, 7 young (7168K), 7 survivors (7168K)
 Metaspace       used 137974K, committed 138816K, reserved 557056K
  class space    used 17567K, committed 17920K, reserved 425984K
}
Event: 51.703 GC heap before
{Heap before GC invocations=79 (full 0):
 garbage-first heap   total 386048K, used 326049K [0x0000000080000000, 0x0000000100000000)
  region size 1024K, 220 young (225280K), 7 survivors (7168K)
 Metaspace       used 137974K, committed 138816K, reserved 557056K
  class space    used 17567K, committed 17920K, reserved 425984K
}
Event: 51.709 GC heap after
{Heap after GC invocations=80 (full 0):
 garbage-first heap   total 386048K, used 112865K [0x0000000080000000, 0x0000000100000000)
  region size 1024K, 11 young (11264K), 11 survivors (11264K)
 Metaspace       used 137974K, committed 138816K, reserved 557056K
  class space    used 17567K, committed 17920K, reserved 425984K
}
Event: 51.726 GC heap before
{Heap before GC invocations=80 (full 0):
 garbage-first heap   total 386048K, used 119009K [0x0000000080000000, 0x0000000100000000)
  region size 1024K, 18 young (18432K), 11 survivors (11264K)
 Metaspace       used 137974K, committed 138816K, reserved 557056K
  class space    used 17567K, committed 17920K, reserved 425984K
}
Event: 51.744 GC heap after
{Heap after GC invocations=81 (full 0):
 garbage-first heap   total 386048K, used 110136K [0x0000000080000000, 0x0000000100000000)
  region size 1024K, 2 young (2048K), 2 survivors (2048K)
 Metaspace       used 137974K, committed 138816K, reserved 557056K
  class space    used 17567K, committed 17920K, reserved 425984K
}
Event: 52.320 GC heap before
{Heap before GC invocations=81 (full 0):
 garbage-first heap   total 386048K, used 330296K [0x0000000080000000, 0x0000000100000000)
  region size 1024K, 216 young (221184K), 2 survivors (2048K)
 Metaspace       used 138116K, committed 138880K, reserved 557056K
  class space    used 17568K, committed 17920K, reserved 425984K
}
Event: 52.347 GC heap after
{Heap after GC invocations=82 (full 0):
 garbage-first heap   total 386048K, used 133799K [0x0000000080000000, 0x0000000100000000)
  region size 1024K, 26 young (26624K), 26 survivors (26624K)
 Metaspace       used 138116K, committed 138880K, reserved 557056K
  class space    used 17568K, committed 17920K, reserved 425984K
}
Event: 52.852 GC heap before
{Heap before GC invocations=82 (full 0):
 garbage-first heap   total 386048K, used 309927K [0x0000000080000000, 0x0000000100000000)
  region size 1024K, 197 young (201728K), 26 survivors (26624K)
 Metaspace       used 138350K, committed 139136K, reserved 557056K
  class space    used 17591K, committed 17920K, reserved 425984K
}
Event: 52.907 GC heap after
{Heap after GC invocations=83 (full 0):
 garbage-first heap   total 386048K, used 138983K [0x0000000080000000, 0x0000000100000000)
  region size 1024K, 4 young (4096K), 4 survivors (4096K)
 Metaspace       used 138350K, committed 139136K, reserved 557056K
  class space    used 17591K, committed 17920K, reserved 425984K
}
Event: 53.451 GC heap before
{Heap before GC invocations=83 (full 0):
 garbage-first heap   total 386048K, used 319207K [0x0000000080000000, 0x0000000100000000)
  region size 1024K, 176 young (180224K), 4 survivors (4096K)
 Metaspace       used 138444K, committed 139200K, reserved 557056K
  class space    used 17592K, committed 17920K, reserved 425984K
}

