# JRE version: OpenJDK Runtime Environment (17.0.7) (build 17.0.7+0-b2043.56-10550314)
# Java VM: OpenJDK 64-Bit Server VM (17.0.7+0-b2043.56-10550314, mixed mode, tiered, compressed oops, compressed class ptrs, g1 gc, windows-amd64)
GC Precious Log:
 CPUs: 6 total, 6 available
 Memory: 8054M
 Large Page Support: Disabled
 NUMA Support: Disabled
 Compressed Oops: Enabled (32-bit)
 Heap Region Size: 1M
 Heap Min Capacity: 8M
 Heap Initial Capacity: 126M
 Heap Max Capacity: 2G
 Pre-touch: Disabled
 Parallel Workers: 6
 Concurrent Workers: 2
 Concurrent Refinement Workers: 6
 Periodic GC: Disabled
Heap:
 garbage-first heap   total 312320K, used 146564K [0x0000000080000000, 0x0000000100000000)
  region size 1024K, 2 young (2048K), 2 survivors (2048K)
 Metaspace       used 61083K, committed 61632K, reserved 491520K
  class space    used 8282K, committed 8576K, reserved 425984K
GC Heap History (20 events):
Event: 98.212 GC heap after
{Heap after GC invocations=41 (full 0):
 garbage-first heap   total 241664K, used 88789K [0x0000000080000000, 0x0000000100000000)
  region size 1024K, 7 young (7168K), 7 survivors (7168K)
 Metaspace       used 60183K, committed 60736K, reserved 491520K
  class space    used 8216K, committed 8512K, reserved 425984K
}
Event: 99.256 GC heap before
{Heap before GC invocations=41 (full 0):
 garbage-first heap   total 241664K, used 208597K [0x0000000080000000, 0x0000000100000000)
  region size 1024K, 124 young (126976K), 7 survivors (7168K)
 Metaspace       used 60186K, committed 60736K, reserved 491520K
  class space    used 8216K, committed 8512K, reserved 425984K
}
Event: 99.261 GC heap after
{Heap after GC invocations=42 (full 0):
 garbage-first heap   total 241664K, used 89917K [0x0000000080000000, 0x0000000100000000)
  region size 1024K, 8 young (8192K), 8 survivors (8192K)
 Metaspace       used 60186K, committed 60736K, reserved 491520K
  class space    used 8216K, committed 8512K, reserved 425984K
}
Event: 106.553 GC heap before
{Heap before GC invocations=42 (full 0):
 garbage-first heap   total 241664K, used 209725K [0x0000000080000000, 0x0000000100000000)
  region size 1024K, 123 young (125952K), 8 survivors (8192K)
 Metaspace       used 60327K, committed 60928K, reserved 491520K
  class space    used 8238K, committed 8512K, reserved 425984K
}
Event: 106.555 GC heap after
{Heap after GC invocations=43 (full 0):
 garbage-first heap   total 241664K, used 85139K [0x0000000080000000, 0x0000000100000000)
  region size 1024K, 3 young (3072K), 3 survivors (3072K)
 Metaspace       used 60327K, committed 60928K, reserved 491520K
  class space    used 8238K, committed 8512K, reserved 425984K
}
Event: 106.893 GC heap before
{Heap before GC invocations=43 (full 0):
 garbage-first heap   total 241664K, used 212115K [0x0000000080000000, 0x0000000100000000)
  region size 1024K, 125 young (128000K), 3 survivors (3072K)
 Metaspace       used 60499K, committed 61056K, reserved 491520K
  class space    used 8249K, committed 8512K, reserved 425984K
}
Event: 106.896 GC heap after
{Heap after GC invocations=44 (full 0):
 garbage-first heap   total 241664K, used 85088K [0x0000000080000000, 0x0000000100000000)
  region size 1024K, 3 young (3072K), 3 survivors (3072K)
 Metaspace       used 60499K, committed 61056K, reserved 491520K
  class space    used 8249K, committed 8512K, reserved 425984K
}
Event: 108.082 GC heap before
{Heap before GC invocations=44 (full 0):
 garbage-first heap   total 241664K, used 212064K [0x0000000080000000, 0x0000000100000000)
  region size 1024K, 125 young (128000K), 3 survivors (3072K)
 Metaspace       used 60771K, committed 61376K, reserved 491520K
  class space    used 8283K, committed 8576K, reserved 425984K
}
Event: 108.089 GC heap after
{Heap after GC invocations=45 (full 0):
 garbage-first heap   total 241664K, used 92422K [0x0000000080000000, 0x0000000100000000)
  region size 1024K, 7 young (7168K), 7 survivors (7168K)
 Metaspace       used 60771K, committed 61376K, reserved 491520K
  class space    used 8283K, committed 8576K, reserved 425984K
}
Event: 109.704 GC heap before
{Heap before GC invocations=45 (full 0):
 garbage-first heap   total 241664K, used 207110K [0x0000000080000000, 0x0000000100000000)
  region size 1024K, 119 young (121856K), 7 survivors (7168K)
 Metaspace       used 60771K, committed 61376K, reserved 491520K
  class space    used 8283K, committed 8576K, reserved 425984K
}
Event: 109.714 GC heap after
{Heap after GC invocations=46 (full 0):
 garbage-first heap   total 241664K, used 98220K [0x0000000080000000, 0x0000000100000000)
  region size 1024K, 13 young (13312K), 13 survivors (13312K)
 Metaspace       used 60771K, committed 61376K, reserved 491520K
  class space    used 8283K, committed 8576K, reserved 425984K
}
Event: 110.189 GC heap before
{Heap before GC invocations=46 (full 0):
 garbage-first heap   total 241664K, used 201644K [0x0000000080000000, 0x0000000100000000)
  region size 1024K, 115 young (117760K), 13 survivors (13312K)
 Metaspace       used 60855K, committed 61440K, reserved 491520K
  class space    used 8285K, committed 8576K, reserved 425984K
}
Event: 110.211 GC heap after
{Heap after GC invocations=47 (full 0):
 garbage-first heap   total 241664K, used 109374K [0x0000000080000000, 0x0000000100000000)
  region size 1024K, 15 young (15360K), 15 survivors (15360K)
 Metaspace       used 60855K, committed 61440K, reserved 491520K
  class space    used 8285K, committed 8576K, reserved 425984K
}
Event: 110.459 GC heap before
{Heap before GC invocations=47 (full 0):
 garbage-first heap   total 241664K, used 194366K [0x0000000080000000, 0x0000000100000000)
  region size 1024K, 99 young (101376K), 15 survivors (15360K)
 Metaspace       used 61003K, committed 61568K, reserved 491520K
  class space    used 8287K, committed 8576K, reserved 425984K
}
Event: 110.487 GC heap after
{Heap after GC invocations=48 (full 0):
 garbage-first heap   total 241664K, used 130048K [0x0000000080000000, 0x0000000100000000)
  region size 1024K, 13 young (13312K), 13 survivors (13312K)
 Metaspace       used 61003K, committed 61568K, reserved 491520K
  class space    used 8287K, committed 8576K, reserved 425984K
}
Event: 110.624 GC heap before
{Heap before GC invocations=48 (full 0):
 garbage-first heap   total 241664K, used 190464K [0x0000000080000000, 0x0000000100000000)
  region size 1024K, 73 young (74752K), 13 survivors (13312K)
 Metaspace       used 61090K, committed 61632K, reserved 491520K
  class space    used 8288K, committed 8576K, reserved 425984K
}
Event: 110.642 GC heap after
{Heap after GC invocations=49 (full 0):
 garbage-first heap   total 241664K, used 140288K [0x0000000080000000, 0x0000000100000000)
  region size 1024K, 9 young (9216K), 9 survivors (9216K)
 Metaspace       used 61090K, committed 61632K, reserved 491520K
  class space    used 8288K, committed 8576K, reserved 425984K
}
Event: 110.787 GC heap before
{Heap before GC invocations=50 (full 0):
 garbage-first heap   total 312320K, used 195584K [0x0000000080000000, 0x0000000100000000)
  region size 1024K, 61 young (62464K), 9 survivors (9216K)
 Metaspace       used 61074K, committed 61632K, reserved 491520K
  class space    used 8282K, committed 8576K, reserved 425984K
}
Event: 110.800 GC heap after
{Heap after GC invocations=51 (full 0):
 garbage-first heap   total 312320K, used 146187K [0x0000000080000000, 0x0000000100000000)
  region size 1024K, 6 young (6144K), 6 survivors (6144K)
 Metaspace       used 61074K, committed 61632K, reserved 491520K
  class space    used 8282K, committed 8576K, reserved 425984K
}
Event: 110.817 GC heap before
{Heap before GC invocations=51 (full 0):
 garbage-first heap   total 312320K, used 155403K [0x0000000080000000, 0x0000000100000000)
  region size 1024K, 15 young (15360K), 6 survivors (6144K)
 Metaspace       used 61083K, committed 61632K, reserved 491520K
  class space    used 8282K, committed 8576K, reserved 425984K
}

